[2017-08-21 16:01:42] Текст ошибки: Нет соединения с БД | Файл: D:\WebServer\domains\ishop2.loc\vendor\ishop\core\Db.php | Строка: 14
=================
[2017-08-22 08:49:56] Текст ошибки: Страница не найдена | Файл: D:\WebServer\domains\ishop2.loc\vendor\ishop\core\Router.php | Строка: 39
=================
[2017-08-22 08:49:56] Текст ошибки: Страница не найдена | Файл: D:\WebServer\domains\ishop2.loc\vendor\ishop\core\Router.php | Строка: 39
=================
[2017-08-22 08:52:48] Текст ошибки: Страница не найдена | Файл: D:\WebServer\domains\ishop2.loc\vendor\ishop\core\Router.php | Строка: 39
=================
[2017-08-22 08:52:48] Текст ошибки: Страница не найдена | Файл: D:\WebServer\domains\ishop2.loc\vendor\ishop\core\Router.php | Строка: 39
=================
[2017-08-22 08:52:48] Текст ошибки: Страница не найдена | Файл: D:\WebServer\domains\ishop2.loc\vendor\ishop\core\Router.php | Строка: 39
=================
[2017-08-22 08:52:48] Текст ошибки: Страница не найдена | Файл: D:\WebServer\domains\ishop2.loc\vendor\ishop\core\Router.php | Строка: 39
=================
[2017-08-22 08:52:48] Текст ошибки: Страница не найдена | Файл: D:\WebServer\domains\ishop2.loc\vendor\ishop\core\Router.php | Строка: 39
=================
[2017-08-22 08:52:48] Текст ошибки: Страница не найдена | Файл: D:\WebServer\domains\ishop2.loc\vendor\ishop\core\Router.php | Строка: 39
=================
[2017-08-22 08:52:48] Текст ошибки: Страница не найдена | Файл: D:\WebServer\domains\ishop2.loc\vendor\ishop\core\Router.php | Строка: 39
=================
[2017-08-22 08:52:48] Текст ошибки: Страница не найдена | Файл: D:\WebServer\domains\ishop2.loc\vendor\ishop\core\Router.php | Строка: 39
=================
[2017-08-22 08:52:48] Текст ошибки: Страница не найдена | Файл: D:\WebServer\domains\ishop2.loc\vendor\ishop\core\Router.php | Строка: 39
=================
[2017-08-22 08:52:48] Текст ошибки: Страница не найдена | Файл: D:\WebServer\domains\ishop2.loc\vendor\ishop\core\Router.php | Строка: 39
=================
[2017-08-22 08:52:48] Текст ошибки: Страница не найдена | Файл: D:\WebServer\domains\ishop2.loc\vendor\ishop\core\Router.php | Строка: 39
=================
[2017-08-22 08:52:48] Текст ошибки: Страница не найдена | Файл: D:\WebServer\domains\ishop2.loc\vendor\ishop\core\Router.php | Строка: 39
=================
[2017-08-22 08:52:48] Текст ошибки: Страница не найдена | Файл: D:\WebServer\domains\ishop2.loc\vendor\ishop\core\Router.php | Строка: 39
=================
[2017-08-22 08:52:48] Текст ошибки: Страница не найдена | Файл: D:\WebServer\domains\ishop2.loc\vendor\ishop\core\Router.php | Строка: 39
=================
[2017-08-22 08:52:48] Текст ошибки: Страница не найдена | Файл: D:\WebServer\domains\ishop2.loc\vendor\ishop\core\Router.php | Строка: 39
=================
[2017-08-22 08:52:48] Текст ошибки: Страница не найдена | Файл: D:\WebServer\domains\ishop2.loc\vendor\ishop\core\Router.php | Строка: 39
=================
[2017-08-22 08:52:48] Текст ошибки: Страница не найдена | Файл: D:\WebServer\domains\ishop2.loc\vendor\ishop\core\Router.php | Строка: 39
=================
[2017-08-22 08:52:48] Текст ошибки: Страница не найдена | Файл: D:\WebServer\domains\ishop2.loc\vendor\ishop\core\Router.php | Строка: 39
=================
[2017-08-22 08:52:48] Текст ошибки: Страница не найдена | Файл: D:\WebServer\domains\ishop2.loc\vendor\ishop\core\Router.php | Строка: 39
=================
[2017-08-22 08:52:48] Текст ошибки: Страница не найдена | Файл: D:\WebServer\domains\ishop2.loc\vendor\ishop\core\Router.php | Строка: 39
=================
[2017-08-22 08:52:48] Текст ошибки: Страница не найдена | Файл: D:\WebServer\domains\ishop2.loc\vendor\ishop\core\Router.php | Строка: 39
=================
[2017-08-22 08:52:48] Текст ошибки: Страница не найдена | Файл: D:\WebServer\domains\ishop2.loc\vendor\ishop\core\Router.php | Строка: 39
=================
[2017-08-22 08:52:48] Текст ошибки: Страница не найдена | Файл: D:\WebServer\domains\ishop2.loc\vendor\ishop\core\Router.php | Строка: 39
=================
[2017-08-22 08:52:48] Текст ошибки: Страница не найдена | Файл: D:\WebServer\domains\ishop2.loc\vendor\ishop\core\Router.php | Строка: 39
=================
[2017-08-22 08:52:48] Текст ошибки: Страница не найдена | Файл: D:\WebServer\domains\ishop2.loc\vendor\ishop\core\Router.php | Строка: 39
=================
[2017-08-22 08:52:48] Текст ошибки: Страница не найдена | Файл: D:\WebServer\domains\ishop2.loc\vendor\ishop\core\Router.php | Строка: 39
=================
[2017-08-22 08:52:48] Текст ошибки: Страница не найдена | Файл: D:\WebServer\domains\ishop2.loc\vendor\ishop\core\Router.php | Строка: 39
=================
[2017-08-22 08:52:48] Текст ошибки: Страница не найдена | Файл: D:\WebServer\domains\ishop2.loc\vendor\ishop\core\Router.php | Строка: 39
=================
[2017-08-22 08:52:48] Текст ошибки: Страница не найдена | Файл: D:\WebServer\domains\ishop2.loc\vendor\ishop\core\Router.php | Строка: 39
=================
[2017-08-22 08:52:48] Текст ошибки: Страница не найдена | Файл: D:\WebServer\domains\ishop2.loc\vendor\ishop\core\Router.php | Строка: 39
=================
[2017-08-22 08:52:48] Текст ошибки: Страница не найдена | Файл: D:\WebServer\domains\ishop2.loc\vendor\ishop\core\Router.php | Строка: 39
=================
[2017-08-22 08:52:48] Текст ошибки: Страница не найдена | Файл: D:\WebServer\domains\ishop2.loc\vendor\ishop\core\Router.php | Строка: 39
=================
[2017-08-22 08:52:48] Текст ошибки: Страница не найдена | Файл: D:\WebServer\domains\ishop2.loc\vendor\ishop\core\Router.php | Строка: 39
=================
[2017-08-22 08:52:48] Текст ошибки: Страница не найдена | Файл: D:\WebServer\domains\ishop2.loc\vendor\ishop\core\Router.php | Строка: 39
=================
[2017-08-22 08:52:48] Текст ошибки: Страница не найдена | Файл: D:\WebServer\domains\ishop2.loc\vendor\ishop\core\Router.php | Строка: 39
=================
[2017-08-22 08:52:48] Текст ошибки: Страница не найдена | Файл: D:\WebServer\domains\ishop2.loc\vendor\ishop\core\Router.php | Строка: 39
=================
[2017-08-22 08:52:48] Текст ошибки: Страница не найдена | Файл: D:\WebServer\domains\ishop2.loc\vendor\ishop\core\Router.php | Строка: 39
=================
[2017-08-22 08:52:48] Текст ошибки: Страница не найдена | Файл: D:\WebServer\domains\ishop2.loc\vendor\ishop\core\Router.php | Строка: 39
=================
[2017-08-22 08:52:48] Текст ошибки: Страница не найдена | Файл: D:\WebServer\domains\ishop2.loc\vendor\ishop\core\Router.php | Строка: 39
=================
[2017-08-22 08:52:48] Текст ошибки: Страница не найдена | Файл: D:\WebServer\domains\ishop2.loc\vendor\ishop\core\Router.php | Строка: 39
=================
[2017-08-22 08:52:48] Текст ошибки: Страница не найдена | Файл: D:\WebServer\domains\ishop2.loc\vendor\ishop\core\Router.php | Строка: 39
=================
[2017-08-22 08:52:48] Текст ошибки: Страница не найдена | Файл: D:\WebServer\domains\ishop2.loc\vendor\ishop\core\Router.php | Строка: 39
=================
[2017-08-22 08:52:48] Текст ошибки: Страница не найдена | Файл: D:\WebServer\domains\ishop2.loc\vendor\ishop\core\Router.php | Строка: 39
=================
[2017-08-22 08:52:48] Текст ошибки: Страница не найдена | Файл: D:\WebServer\domains\ishop2.loc\vendor\ishop\core\Router.php | Строка: 39
=================
[2017-08-22 08:53:07] Текст ошибки: Страница не найдена | Файл: D:\WebServer\domains\ishop2.loc\vendor\ishop\core\Router.php | Строка: 39
=================
[2017-08-22 08:53:07] Текст ошибки: Страница не найдена | Файл: D:\WebServer\domains\ishop2.loc\vendor\ishop\core\Router.php | Строка: 39
=================
[2017-08-22 08:53:07] Текст ошибки: Страница не найдена | Файл: D:\WebServer\domains\ishop2.loc\vendor\ishop\core\Router.php | Строка: 39
=================
[2017-08-22 08:53:07] Текст ошибки: Страница не найдена | Файл: D:\WebServer\domains\ishop2.loc\vendor\ishop\core\Router.php | Строка: 39
=================
[2017-08-22 08:53:07] Текст ошибки: Страница не найдена | Файл: D:\WebServer\domains\ishop2.loc\vendor\ishop\core\Router.php | Строка: 39
=================
[2017-08-22 08:53:07] Текст ошибки: Страница не найдена | Файл: D:\WebServer\domains\ishop2.loc\vendor\ishop\core\Router.php | Строка: 39
=================
[2017-08-22 08:53:07] Текст ошибки: Страница не найдена | Файл: D:\WebServer\domains\ishop2.loc\vendor\ishop\core\Router.php | Строка: 39
=================
[2017-08-22 08:53:07] Текст ошибки: Страница не найдена | Файл: D:\WebServer\domains\ishop2.loc\vendor\ishop\core\Router.php | Строка: 39
=================
[2017-08-22 08:53:07] Текст ошибки: Страница не найдена | Файл: D:\WebServer\domains\ishop2.loc\vendor\ishop\core\Router.php | Строка: 39
=================
[2017-08-22 08:53:07] Текст ошибки: Страница не найдена | Файл: D:\WebServer\domains\ishop2.loc\vendor\ishop\core\Router.php | Строка: 39
=================
[2017-08-22 08:53:07] Текст ошибки: Страница не найдена | Файл: D:\WebServer\domains\ishop2.loc\vendor\ishop\core\Router.php | Строка: 39
=================
[2017-08-22 08:53:07] Текст ошибки: Страница не найдена | Файл: D:\WebServer\domains\ishop2.loc\vendor\ishop\core\Router.php | Строка: 39
=================
[2017-08-22 08:53:07] Текст ошибки: Страница не найдена | Файл: D:\WebServer\domains\ishop2.loc\vendor\ishop\core\Router.php | Строка: 39
=================
[2017-08-22 08:53:07] Текст ошибки: Страница не найдена | Файл: D:\WebServer\domains\ishop2.loc\vendor\ishop\core\Router.php | Строка: 39
=================
[2017-08-22 08:53:07] Текст ошибки: Страница не найдена | Файл: D:\WebServer\domains\ishop2.loc\vendor\ishop\core\Router.php | Строка: 39
=================
[2017-08-22 08:53:07] Текст ошибки: Страница не найдена | Файл: D:\WebServer\domains\ishop2.loc\vendor\ishop\core\Router.php | Строка: 39
=================
[2017-08-22 08:53:07] Текст ошибки: Страница не найдена | Файл: D:\WebServer\domains\ishop2.loc\vendor\ishop\core\Router.php | Строка: 39
=================
[2017-08-22 08:53:07] Текст ошибки: Страница не найдена | Файл: D:\WebServer\domains\ishop2.loc\vendor\ishop\core\Router.php | Строка: 39
=================
[2017-08-22 08:53:07] Текст ошибки: Страница не найдена | Файл: D:\WebServer\domains\ishop2.loc\vendor\ishop\core\Router.php | Строка: 39
=================
[2017-08-22 08:53:07] Текст ошибки: Страница не найдена | Файл: D:\WebServer\domains\ishop2.loc\vendor\ishop\core\Router.php | Строка: 39
=================
[2017-08-22 08:53:07] Текст ошибки: Страница не найдена | Файл: D:\WebServer\domains\ishop2.loc\vendor\ishop\core\Router.php | Строка: 39
=================
[2017-08-22 08:53:07] Текст ошибки: Страница не найдена | Файл: D:\WebServer\domains\ishop2.loc\vendor\ishop\core\Router.php | Строка: 39
=================
[2017-08-22 08:53:07] Текст ошибки: Страница не найдена | Файл: D:\WebServer\domains\ishop2.loc\vendor\ishop\core\Router.php | Строка: 39
=================
[2017-08-22 08:53:07] Текст ошибки: Страница не найдена | Файл: D:\WebServer\domains\ishop2.loc\vendor\ishop\core\Router.php | Строка: 39
=================
[2017-08-22 08:53:07] Текст ошибки: Страница не найдена | Файл: D:\WebServer\domains\ishop2.loc\vendor\ishop\core\Router.php | Строка: 39
=================
[2017-08-22 08:53:07] Текст ошибки: Страница не найдена | Файл: D:\WebServer\domains\ishop2.loc\vendor\ishop\core\Router.php | Строка: 39
=================
[2017-08-22 08:53:07] Текст ошибки: Страница не найдена | Файл: D:\WebServer\domains\ishop2.loc\vendor\ishop\core\Router.php | Строка: 39
=================
[2017-08-22 08:53:07] Текст ошибки: Страница не найдена | Файл: D:\WebServer\domains\ishop2.loc\vendor\ishop\core\Router.php | Строка: 39
=================
[2017-08-22 08:53:07] Текст ошибки: Страница не найдена | Файл: D:\WebServer\domains\ishop2.loc\vendor\ishop\core\Router.php | Строка: 39
=================
[2017-08-22 08:53:07] Текст ошибки: Страница не найдена | Файл: D:\WebServer\domains\ishop2.loc\vendor\ishop\core\Router.php | Строка: 39
=================
[2017-08-22 08:53:07] Текст ошибки: Страница не найдена | Файл: D:\WebServer\domains\ishop2.loc\vendor\ishop\core\Router.php | Строка: 39
=================
[2017-08-22 08:53:07] Текст ошибки: Страница не найдена | Файл: D:\WebServer\domains\ishop2.loc\vendor\ishop\core\Router.php | Строка: 39
=================
[2017-08-22 08:53:07] Текст ошибки: Страница не найдена | Файл: D:\WebServer\domains\ishop2.loc\vendor\ishop\core\Router.php | Строка: 39
=================
[2017-08-22 08:53:07] Текст ошибки: Страница не найдена | Файл: D:\WebServer\domains\ishop2.loc\vendor\ishop\core\Router.php | Строка: 39
=================
[2017-08-22 08:53:07] Текст ошибки: Страница не найдена | Файл: D:\WebServer\domains\ishop2.loc\vendor\ishop\core\Router.php | Строка: 39
=================
[2017-08-22 08:53:07] Текст ошибки: Страница не найдена | Файл: D:\WebServer\domains\ishop2.loc\vendor\ishop\core\Router.php | Строка: 39
=================
[2017-08-22 08:53:07] Текст ошибки: Страница не найдена | Файл: D:\WebServer\domains\ishop2.loc\vendor\ishop\core\Router.php | Строка: 39
=================
[2017-08-22 08:53:07] Текст ошибки: Страница не найдена | Файл: D:\WebServer\domains\ishop2.loc\vendor\ishop\core\Router.php | Строка: 39
=================
[2017-08-22 08:53:07] Текст ошибки: Страница не найдена | Файл: D:\WebServer\domains\ishop2.loc\vendor\ishop\core\Router.php | Строка: 39
=================
[2017-08-22 08:53:07] Текст ошибки: Страница не найдена | Файл: D:\WebServer\domains\ishop2.loc\vendor\ishop\core\Router.php | Строка: 39
=================
[2017-08-22 08:53:07] Текст ошибки: Страница не найдена | Файл: D:\WebServer\domains\ishop2.loc\vendor\ishop\core\Router.php | Строка: 39
=================
[2017-08-22 08:53:07] Текст ошибки: Страница не найдена | Файл: D:\WebServer\domains\ishop2.loc\vendor\ishop\core\Router.php | Строка: 39
=================
[2017-08-22 08:53:07] Текст ошибки: Страница не найдена | Файл: D:\WebServer\domains\ishop2.loc\vendor\ishop\core\Router.php | Строка: 39
=================
[2017-08-22 08:53:07] Текст ошибки: Страница не найдена | Файл: D:\WebServer\domains\ishop2.loc\vendor\ishop\core\Router.php | Строка: 39
=================
[2017-08-22 08:53:26] Текст ошибки: Страница не найдена | Файл: D:\WebServer\domains\ishop2.loc\vendor\ishop\core\Router.php | Строка: 39
=================
[2017-08-22 08:53:26] Текст ошибки: Страница не найдена | Файл: D:\WebServer\domains\ishop2.loc\vendor\ishop\core\Router.php | Строка: 39
=================
[2017-08-22 08:53:26] Текст ошибки: Страница не найдена | Файл: D:\WebServer\domains\ishop2.loc\vendor\ishop\core\Router.php | Строка: 39
=================
[2017-08-22 08:53:26] Текст ошибки: Страница не найдена | Файл: D:\WebServer\domains\ishop2.loc\vendor\ishop\core\Router.php | Строка: 39
=================
[2017-08-22 08:53:26] Текст ошибки: Страница не найдена | Файл: D:\WebServer\domains\ishop2.loc\vendor\ishop\core\Router.php | Строка: 39
=================
[2017-08-22 08:53:26] Текст ошибки: Страница не найдена | Файл: D:\WebServer\domains\ishop2.loc\vendor\ishop\core\Router.php | Строка: 39
=================
[2017-08-22 08:53:26] Текст ошибки: Страница не найдена | Файл: D:\WebServer\domains\ishop2.loc\vendor\ishop\core\Router.php | Строка: 39
=================
[2017-08-22 08:53:26] Текст ошибки: Страница не найдена | Файл: D:\WebServer\domains\ishop2.loc\vendor\ishop\core\Router.php | Строка: 39
=================
[2017-08-22 08:53:26] Текст ошибки: Страница не найдена | Файл: D:\WebServer\domains\ishop2.loc\vendor\ishop\core\Router.php | Строка: 39
=================
[2017-08-22 08:53:26] Текст ошибки: Страница не найдена | Файл: D:\WebServer\domains\ishop2.loc\vendor\ishop\core\Router.php | Строка: 39
=================
[2017-08-22 08:53:26] Текст ошибки: Страница не найдена | Файл: D:\WebServer\domains\ishop2.loc\vendor\ishop\core\Router.php | Строка: 39
=================
[2017-08-22 08:53:26] Текст ошибки: Страница не найдена | Файл: D:\WebServer\domains\ishop2.loc\vendor\ishop\core\Router.php | Строка: 39
=================
[2017-08-22 08:53:26] Текст ошибки: Страница не найдена | Файл: D:\WebServer\domains\ishop2.loc\vendor\ishop\core\Router.php | Строка: 39
=================
[2017-08-22 08:53:26] Текст ошибки: Страница не найдена | Файл: D:\WebServer\domains\ishop2.loc\vendor\ishop\core\Router.php | Строка: 39
=================
[2017-08-22 08:53:26] Текст ошибки: Страница не найдена | Файл: D:\WebServer\domains\ishop2.loc\vendor\ishop\core\Router.php | Строка: 39
=================
[2017-08-22 08:53:26] Текст ошибки: Страница не найдена | Файл: D:\WebServer\domains\ishop2.loc\vendor\ishop\core\Router.php | Строка: 39
=================
[2017-08-22 08:53:26] Текст ошибки: Страница не найдена | Файл: D:\WebServer\domains\ishop2.loc\vendor\ishop\core\Router.php | Строка: 39
=================
[2017-08-22 08:53:26] Текст ошибки: Страница не найдена | Файл: D:\WebServer\domains\ishop2.loc\vendor\ishop\core\Router.php | Строка: 39
=================
[2017-08-22 08:53:26] Текст ошибки: Страница не найдена | Файл: D:\WebServer\domains\ishop2.loc\vendor\ishop\core\Router.php | Строка: 39
=================
[2017-08-22 08:53:26] Текст ошибки: Страница не найдена | Файл: D:\WebServer\domains\ishop2.loc\vendor\ishop\core\Router.php | Строка: 39
=================
[2017-08-22 08:53:26] Текст ошибки: Страница не найдена | Файл: D:\WebServer\domains\ishop2.loc\vendor\ishop\core\Router.php | Строка: 39
=================
[2017-08-22 08:53:26] Текст ошибки: Страница не найдена | Файл: D:\WebServer\domains\ishop2.loc\vendor\ishop\core\Router.php | Строка: 39
=================
[2017-08-22 08:53:26] Текст ошибки: Страница не найдена | Файл: D:\WebServer\domains\ishop2.loc\vendor\ishop\core\Router.php | Строка: 39
=================
[2017-08-22 08:53:26] Текст ошибки: Страница не найдена | Файл: D:\WebServer\domains\ishop2.loc\vendor\ishop\core\Router.php | Строка: 39
=================
[2017-08-22 08:53:26] Текст ошибки: Страница не найдена | Файл: D:\WebServer\domains\ishop2.loc\vendor\ishop\core\Router.php | Строка: 39
=================
[2017-08-22 08:53:26] Текст ошибки: Страница не найдена | Файл: D:\WebServer\domains\ishop2.loc\vendor\ishop\core\Router.php | Строка: 39
=================
[2017-08-22 08:53:26] Текст ошибки: Страница не найдена | Файл: D:\WebServer\domains\ishop2.loc\vendor\ishop\core\Router.php | Строка: 39
=================
[2017-08-22 08:53:26] Текст ошибки: Страница не найдена | Файл: D:\WebServer\domains\ishop2.loc\vendor\ishop\core\Router.php | Строка: 39
=================
[2017-08-22 08:53:26] Текст ошибки: Страница не найдена | Файл: D:\WebServer\domains\ishop2.loc\vendor\ishop\core\Router.php | Строка: 39
=================
[2017-08-22 08:53:26] Текст ошибки: Страница не найдена | Файл: D:\WebServer\domains\ishop2.loc\vendor\ishop\core\Router.php | Строка: 39
=================
[2017-08-22 08:53:26] Текст ошибки: Страница не найдена | Файл: D:\WebServer\domains\ishop2.loc\vendor\ishop\core\Router.php | Строка: 39
=================
[2017-08-22 08:53:26] Текст ошибки: Страница не найдена | Файл: D:\WebServer\domains\ishop2.loc\vendor\ishop\core\Router.php | Строка: 39
=================
[2017-08-22 08:53:26] Текст ошибки: Страница не найдена | Файл: D:\WebServer\domains\ishop2.loc\vendor\ishop\core\Router.php | Строка: 39
=================
[2017-08-22 08:53:26] Текст ошибки: Страница не найдена | Файл: D:\WebServer\domains\ishop2.loc\vendor\ishop\core\Router.php | Строка: 39
=================
[2017-08-22 08:53:26] Текст ошибки: Страница не найдена | Файл: D:\WebServer\domains\ishop2.loc\vendor\ishop\core\Router.php | Строка: 39
=================
[2017-08-22 08:53:26] Текст ошибки: Страница не найдена | Файл: D:\WebServer\domains\ishop2.loc\vendor\ishop\core\Router.php | Строка: 39
=================
[2017-08-22 08:53:26] Текст ошибки: Страница не найдена | Файл: D:\WebServer\domains\ishop2.loc\vendor\ishop\core\Router.php | Строка: 39
=================
[2017-08-22 08:53:26] Текст ошибки: Страница не найдена | Файл: D:\WebServer\domains\ishop2.loc\vendor\ishop\core\Router.php | Строка: 39
=================
[2017-08-22 08:53:26] Текст ошибки: Страница не найдена | Файл: D:\WebServer\domains\ishop2.loc\vendor\ishop\core\Router.php | Строка: 39
=================
[2017-08-22 08:53:26] Текст ошибки: Страница не найдена | Файл: D:\WebServer\domains\ishop2.loc\vendor\ishop\core\Router.php | Строка: 39
=================
[2017-08-22 08:53:26] Текст ошибки: Страница не найдена | Файл: D:\WebServer\domains\ishop2.loc\vendor\ishop\core\Router.php | Строка: 39
=================
[2017-08-22 08:53:26] Текст ошибки: Страница не найдена | Файл: D:\WebServer\domains\ishop2.loc\vendor\ishop\core\Router.php | Строка: 39
=================
[2017-08-22 08:53:26] Текст ошибки: Страница не найдена | Файл: D:\WebServer\domains\ishop2.loc\vendor\ishop\core\Router.php | Строка: 39
=================
[2017-08-22 08:53:26] Текст ошибки: Страница не найдена | Файл: D:\WebServer\domains\ishop2.loc\vendor\ishop\core\Router.php | Строка: 39
=================
[2017-08-22 08:54:17] Текст ошибки: Страница не найдена | Файл: D:\WebServer\domains\ishop2.loc\vendor\ishop\core\Router.php | Строка: 39
=================
[2017-08-22 08:54:19] Текст ошибки: Страница не найдена | Файл: D:\WebServer\domains\ishop2.loc\vendor\ishop\core\Router.php | Строка: 39
=================
[2021-05-18 15:21:35] Текст ошибки: Нет соединения с БД | Файл: D:\OS\OpenServer\domains\ishop2.loc\vendor\ishop\core\Db.php | Строка: 14
=================
[2021-05-20 01:25:25] Текст ошибки: Страница не найдена | Файл: D:\OS\OpenServer\domains\ishop2.loc\vendor\ishop\core\Router.php | Строка: 39
=================
